
.Def:IRGB4060DPBF_IT _net4 _net1
R:R_RTHERM1 _net4 _net3 R="0.555579"
R:R_RTHERM2 _net3 _net2 R="0.590565"
R:R_RTHERM3 _net2 _net1 R="0.365255"
C:C_CTHERM1 _net4 _net1 C="0.000369"
C:C_CTHERM2 _net3 _net1 C="0.002184"
C:C_CTHERM3 _net2 _net1 C="0.028599"
.Def:End
.Def:IRGB4060DPBF_I _net1 _net2 _net3
MOSFET:M1 _net6 _net9 _net8 _net8 Type="nfet" L="100u" W="100u" LEVEL="1" Vt0="6.41094" Kp="2.7256" Lambda="0" Cgso="5.31434e-06" Is="1e-14" N="1" Gamma="0" Phi="0.6"
R:RD _net7 _net9 R="1e-06"
R:RS _net4 _net8 R="1.06726e-06"
BJT:Q1 _net7 _net4 _net1 gnd Type="pnp" Is="1.08462e-12" Bf="1.05387" Nf="1.19992" Vaf="10.6937" Ikf="2.9802e-06" Ise="8.21482e-12" Ne="3.67082" Br="30.2418" Nr="0.75" Var="137.347" Ikr="999.974" Isc="1.04231e-11" Nc="2.45745" Rb="0.0001" Irb="655.511" Rbm="1e-05" Re="1e-08" Rc="1.00001e-08" Xtb="0.000585867" Xti="3.98624" Eg="0.67256" Cjc="2.14414e-10" Vjc="0.4" Mjc="0.450656" Cje="4.28828e-09" Vje="0.4" Mje="0.9" Tf="1e-15" Xcjc="1" Cjs="0" Vjs="0.75" Mjs="0" Fc="0.5" Vtf="0" Xtf="0" Itf="0" Tr="0"
R:RDS _net7 _net4 R="1e+08"
R:RER _net4 _net3 R="0.0260769"
R:RG _net6 _net2 R="26.957"
R:RL _net10 _net11 R="1"
Diode:D2 _net11 _net12 Is="1e-32" N="50" Cj0="2.53171e-10" Vj="0.620173" M="0.691681" Fc="0"
Diode:D3 _net11 gnd Is="1e-10" N="0.4" M="0.5" Cj0="1e-14" Vj="0.7"
Vdc:VFI2 _cnet0 gnd U="0"
CCCS:FI2 _net12 _net6 _net7 _cnet0 G="-1"
VCVS:EV _net7 _net10 gnd _net6 G="1"
C:CAP _net10 _net13 C="5.50389e-10"
R:RCAP _net10 _net14 R="1"
Diode:D4 _net14 gnd Is="1e-10" N="0.4" M="0.5" Cj0="1e-14" Vj="0.7"
Vdc:VFI1 _cnet1 _net14 U="0"
CCCS:FI1 _net13 _net6 _net7 _cnet1 G="-1"
.Def:End
.Def:IRGB4060DPBF _net1 _net2 _net3
Sub:X1 _net1 _net2 _net3 Type="IRGB4060DPBF_I"
Diode:D1 _net1 _net3 Is="3.88502e-15" Rs="0.0267716" N="1.54773" Eg="1.10651" Xti="2.99991" Bv="600" Ibv="0.0001" Cj0="6.73665e-11" Vj="0.4" M="0.320313" Fc="0.5" Tt="1e-07" Kf="0" Af="1"
.Def:End
